2021-04-18 10:47:25.237 - INFO - 4694 - azureml.train.automl._local_managed_utils.is_docker_installed:354 - Docker is installed with Docker version 20.10.5+azure, build 55c4c88966a912ddb365e2d73a4969e700fc458f
.
2021-04-18 10:47:25.238 - INFO - 4694 - azureml.train.automl.automlconfig._start_execution:217 - Submitting remote.
2021-04-18 11:54:46.414 - INFO - 4694 - azureml.train.automl.run._log_activity:55 - ActivityStarted: GetOutput
2021-04-18 11:54:46.420 - INFO - 4694 - azureml.train.automl.run._log_activity:55 - ActivityStarted: GetOutput
2021-04-18 11:54:46.441 - INFO - 4694 - azureml.train.automl.run._log_activity:55 - ActivityStarted: GetChildren
2021-04-18 11:54:46.604 - INFO - 4694 - azureml.train.automl.run._log_activity:93 - ActivityCompleted: Activity=GetChildren, HowEnded=Success, Duration=162.21[ms]
2021-04-18 11:54:46.661 - INFO - 4694 - azureml.train.automl.run._log_activity:93 - ActivityCompleted: Activity=GetOutput, HowEnded=Success, Duration=241.22[ms]
2021-04-18 11:54:46.662 - INFO - 4694 - azureml.train.automl._model_download_utilities._log_activity:55 - ActivityStarted: DownloadModel
2021-04-18 11:55:06.087 - INFO - 4694 - azureml.automl.runtime.featurization.data_transformer.__init__:173 - Feature sweeping enabled: False
2021-04-18 11:55:06.087 - INFO - 4694 - azureml.automl.runtime.featurization.data_transformer.__init__:174 - Feature sweeping timeout: 86400
2021-04-18 11:55:09.317 - INFO - 4694 - azureml.train.automl._model_download_utilities._log_activity:93 - ActivityCompleted: Activity=DownloadModel, HowEnded=Success, Duration=22655.03[ms]
2021-04-18 11:55:09.356 - INFO - 4694 - azureml.train.automl.run._log_activity:93 - ActivityCompleted: Activity=GetOutput, HowEnded=Success, Duration=22941.76[ms]
2021-04-18 11:55:50.274 - INFO - 4694 - azureml.train.automl.run._log_activity:55 - ActivityStarted: GetOutput
2021-04-18 11:55:50.326 - INFO - 4694 - azureml.train.automl.run._log_activity:55 - ActivityStarted: GetOutput
2021-04-18 11:55:50.345 - INFO - 4694 - azureml.train.automl.run._log_activity:55 - ActivityStarted: GetChildren
2021-04-18 11:55:50.531 - INFO - 4694 - azureml.train.automl.run._log_activity:93 - ActivityCompleted: Activity=GetChildren, HowEnded=Success, Duration=186.11[ms]
2021-04-18 11:55:50.607 - INFO - 4694 - azureml.train.automl.run._log_activity:93 - ActivityCompleted: Activity=GetOutput, HowEnded=Success, Duration=280.97[ms]
2021-04-18 11:55:50.614 - INFO - 4694 - azureml.train.automl._model_download_utilities._log_activity:55 - ActivityStarted: DownloadModel
2021-04-18 11:55:51.426 - INFO - 4694 - azureml.automl.runtime.featurization.data_transformer.__init__:173 - Feature sweeping enabled: False
2021-04-18 11:55:51.448 - INFO - 4694 - azureml.automl.runtime.featurization.data_transformer.__init__:174 - Feature sweeping timeout: 86400
2021-04-18 11:55:51.601 - INFO - 4694 - azureml.train.automl._model_download_utilities._log_activity:93 - ActivityCompleted: Activity=DownloadModel, HowEnded=Success, Duration=986.9[ms]
2021-04-18 11:55:51.613 - INFO - 4694 - azureml.train.automl.run._log_activity:93 - ActivityCompleted: Activity=GetOutput, HowEnded=Success, Duration=1339.48[ms]
